<?xml version="1.0" encoding="UTF-8"?>
<!-- Generated by org.testng.reporters.JUnitXMLReporter -->
<testsuite hostname="master-PC" ignored="0" name="Test" tests="4" failures="0" timestamp="28 Mar 2021 12:35:22 GMT" time="0.172" errors="0">
  <testcase name="t1" time="0.043" classname="DependsOn.JavaEx1"/>
  <testcase name="t2" time="0.004" classname="DependsOn.JavaEx1"/>
  <testcase name="t3" time="0.004" classname="DependsOn.JavaEx2"/>
  <testcase name="t4" time="0.004" classname="DependsOn.JavaEx2"/>
</testsuite> <!-- Test -->
