<?xml version="1.0" encoding="UTF-8"?>
<testng-results skipped="0" failed="0" ignored="0" total="4" passed="4">
  <reporter-output>
  </reporter-output>
  <suite name="Suite" duration-ms="172" started-at="2021-03-28T12:35:22Z" finished-at="2021-03-28T12:35:22Z">
    <groups>
      <group name="Test2">
        <method signature="JavaEx1.t2()[pri:0, instance:DependsOn.JavaEx1@2a67b4]" name="t2" class="DependsOn.JavaEx1"/>
      </group> <!-- Test2 -->
    </groups>
    <test name="Test" duration-ms="172" started-at="2021-03-28T12:35:22Z" finished-at="2021-03-28T12:35:22Z">
      <class name="DependsOn.JavaEx2">
        <test-method status="PASS" signature="t3()[pri:0, instance:DependsOn.JavaEx2@1855c9a]" name="t3" duration-ms="4" depends-on-groups="Test2" started-at="2021-03-28T12:35:22Z" finished-at="2021-03-28T12:35:22Z">
          <reporter-output>
          </reporter-output>
        </test-method> <!-- t3 -->
        <test-method status="PASS" signature="t4()[pri:0, instance:DependsOn.JavaEx2@1855c9a]" name="t4" duration-ms="4" started-at="2021-03-28T12:35:22Z" depends-on-methods="DependsOn.JavaEx2.t3" finished-at="2021-03-28T12:35:22Z">
          <reporter-output>
          </reporter-output>
        </test-method> <!-- t4 -->
      </class> <!-- DependsOn.JavaEx2 -->
      <class name="DependsOn.JavaEx1">
        <test-method status="PASS" signature="t1()[pri:0, instance:DependsOn.JavaEx1@2a67b4]" name="t1" duration-ms="43" started-at="2021-03-28T12:35:22Z" finished-at="2021-03-28T12:35:22Z">
          <reporter-output>
          </reporter-output>
        </test-method> <!-- t1 -->
        <test-method status="PASS" signature="t2()[pri:0, instance:DependsOn.JavaEx1@2a67b4]" name="t2" duration-ms="4" started-at="2021-03-28T12:35:22Z" depends-on-methods="DependsOn.JavaEx1.t1" finished-at="2021-03-28T12:35:22Z">
          <reporter-output>
          </reporter-output>
        </test-method> <!-- t2 -->
      </class> <!-- DependsOn.JavaEx1 -->
    </test> <!-- Test -->
  </suite> <!-- Suite -->
</testng-results>
